/Users/ammarabagumbul/DevProjects/manimizer/.venv/lib/python3.13/site-packages/pydub/utils.py:170: RuntimeWarning: Couldn't find ffmpeg or avconv - defaulting to ffmpeg, but may not work
  warn("Couldn't find ffmpeg or avconv - defaulting to ffmpeg, but may not work", RuntimeWarning)
Manim Community v0.19.0

[06/09/25 23:18:59] INFO     Caching disabled.                                                                               cairo_renderer.py:79
Animation 0: Create(Circle), etc.:   0%|          | 0/15 [00:00<?, ?it/s]                                                                                             INFO     Animation 0 : Partial movie file written in                                                 scene_file_writer.py:588
                             '/Users/ammarabagumbul/DevProjects/manimizer/media/videos/generated_manim/480p15/partial_mo                         
                             vie_files/PvsNPExamples/uncached_00000.mp4'                                                                         
                    INFO     Caching disabled.                                                                               cairo_renderer.py:79
Animation 1: Create(Circle), etc.:   0%|          | 0/15 [00:00<?, ?it/s]                                                                                             INFO     Animation 1 : Partial movie file written in                                                 scene_file_writer.py:588
                             '/Users/ammarabagumbul/DevProjects/manimizer/media/videos/generated_manim/480p15/partial_mo                         
                             vie_files/PvsNPExamples/uncached_00001.mp4'                                                                         
                    INFO     Caching disabled.                                                                               cairo_renderer.py:79
                    INFO     Animation 2 : Partial movie file written in                                                 scene_file_writer.py:588
                             '/Users/ammarabagumbul/DevProjects/manimizer/media/videos/generated_manim/480p15/partial_mo                         
                             vie_files/PvsNPExamples/uncached_00002.mp4'                                                                         
                    INFO     Caching disabled.                                                                               cairo_renderer.py:79
Animation 3: FadeIn(VGroup of 2 submobjects), etc.:   0%|          | 0/15 [00:00<?, ?it/s]Animation 3: FadeIn(VGroup of 2 submobjects), etc.:  47%|████▋     | 7/15 [00:00<00:00, 60.10it/s]Animation 3: FadeIn(VGroup of 2 submobjects), etc.:  93%|█████████▎| 14/15 [00:00<00:00, 58.51it/s]                                                                                                                       INFO     Animation 3 : Partial movie file written in                                                 scene_file_writer.py:588
                             '/Users/ammarabagumbul/DevProjects/manimizer/media/videos/generated_manim/480p15/partial_mo                         
                             vie_files/PvsNPExamples/uncached_00003.mp4'                                                                         
                    INFO     Caching disabled.                                                                               cairo_renderer.py:79
[06/09/25 23:19:00] INFO     Animation 4 : Partial movie file written in                                                 scene_file_writer.py:588
                             '/Users/ammarabagumbul/DevProjects/manimizer/media/videos/generated_manim/480p15/partial_mo                         
                             vie_files/PvsNPExamples/uncached_00004.mp4'                                                                         
                    INFO     Caching disabled.                                                                               cairo_renderer.py:79
Animation 5: FadeIn(VGroup of 2 submobjects):   0%|          | 0/15 [00:00<?, ?it/s]Animation 5: FadeIn(VGroup of 2 submobjects): 100%|██████████| 15/15 [00:00<00:00, 142.44it/s]                                                                                                                  INFO     Animation 5 : Partial movie file written in                                                 scene_file_writer.py:588
                             '/Users/ammarabagumbul/DevProjects/manimizer/media/videos/generated_manim/480p15/partial_mo                         
                             vie_files/PvsNPExamples/uncached_00005.mp4'                                                                         
                    INFO     Caching disabled.                                                                               cairo_renderer.py:79
                    INFO     Animation 6 : Partial movie file written in                                                 scene_file_writer.py:588
                             '/Users/ammarabagumbul/DevProjects/manimizer/media/videos/generated_manim/480p15/partial_mo                         
                             vie_files/PvsNPExamples/uncached_00006.mp4'                                                                         
                    INFO     Combining to Movie file.                                                                    scene_file_writer.py:739
                    INFO                                                                                                 scene_file_writer.py:886
                             File ready at                                                                                                       
                             '/Users/ammarabagumbul/DevProjects/manimizer/media/videos/generated_manim/480p15/PvsNPExamp                         
                             les.mp4'                                                                                                            
                                                                                                                                                 
                    INFO     Rendered PvsNPExamples                                                                                  scene.py:255
                             Played 7 animations                                                                                                 
